<?xml version="1.0" encoding="UTF-8"?>
<testsuite xmlns:xsi="http://www.w3.org/2001/XMLSchema-instance" xsi:noNamespaceSchemaLocation="https://maven.apache.org/surefire/maven-surefire-plugin/xsd/surefire-test-report.xsd" name="org.ryanchair.CucumberRunnerTest" time="2.038" tests="2" errors="0" skipped="0" failures="0">
  <properties>
[...]
</properties>
  <testcase name="New Sentra Creation" classname="Regression Testing Prospera" time="0.75"/>
  <testcase name="New Group Creation" classname="Regression Testing Prospera" time="0.02"/>
</testsuite>